<?xml version="1.0" encoding="UTF-8"?>
<!-- Generated by org.testng.reporters.JUnitReportReporter -->
<testsuite hostname="LAPTOP-B5J4QNVR" failures="0" tests="6" name="api.test.DDTests" time="8.599" errors="0" timestamp="2024-02-06T01:35:58 IST" skipped="0">
  <testcase classname="api.test.DDTests" name="testPostuser" time="2.832"/>
  <testcase classname="api.test.DDTests" name="testPostuser" time="1.181"/>
  <testcase classname="api.test.DDTests" name="testPostuser" time="1.150"/>
  <testcase classname="api.test.DDTests" name="testDeleteUserByName" time="1.164"/>
  <testcase classname="api.test.DDTests" name="testDeleteUserByName" time="1.114"/>
  <testcase classname="api.test.DDTests" name="testDeleteUserByName" time="1.158"/>
</testsuite> <!-- api.test.DDTests -->
