<?xml version="1.0" encoding="UTF-8"?>
<!-- Generated by org.testng.reporters.JUnitReportReporter -->
<testsuite hostname="LAPTOP-B5J4QNVR" failures="0" tests="4" name="api.test.UserTests" time="14.196" errors="0" timestamp="2024-02-06T14:32:11 IST" skipped="0">
  <testcase classname="api.test.UserTests" name="testPostUser" time="7.425"/>
  <testcase classname="api.test.UserTests" name="testGetUserByName" time="1.605"/>
  <testcase classname="api.test.UserTests" name="testUpdateUserByName" time="3.511"/>
  <testcase classname="api.test.UserTests" name="testDeleteUserByName" time="1.655"/>
</testsuite> <!-- api.test.UserTests -->
